<?xml version="1.0" encoding="UTF-8"?>
<!-- Generated by org.testng.reporters.JUnitReportReporter -->
<testsuite skipped="0" hostname="AFREEN-PC" name="cts.testng.practise.ExtentReportDemo" tests="1" failures="0" timestamp="2020-03-29T22:10:49 IST" time="1.501" errors="0">
  <testcase name="loginTest" time="1.501" classname="cts.testng.practise.ExtentReportDemo"/>
  <system-out/>
</testsuite> <!-- cts.testng.practise.ExtentReportDemo -->
