<?xml version="1.0" encoding="UTF-8"?>
<!-- Generated by org.testng.reporters.JUnitReportReporter -->
<testsuite skipped="0" hostname="AFREEN-PC" name="cts.miniproject.test.VerifywordpressLoginPageFactory" tests="1" failures="0" timestamp="2020-03-29T20:15:03 IST" time="24.122" errors="0">
  <testcase name="checkValidUser" time="24.122" classname="cts.miniproject.test.VerifywordpressLoginPageFactory"/>
  <system-out/>
</testsuite> <!-- cts.miniproject.test.VerifywordpressLoginPageFactory -->
