<?xml version="1.0" encoding="UTF-8"?>
<!-- Generated by org.testng.reporters.JUnitReportReporter -->
<testsuite skipped="0" hostname="AFREEN-PC" name="ctsnewpackage.NewTest" tests="2" failures="0" timestamp="2020-03-26T10:13:12 IST" time="0.011" errors="0">
  <testcase name="f" time="0.002" classname="ctsnewpackage.NewTest"/>
  <system-out/>
  <testcase name="f" time="0.009" classname="ctsnewpackage.NewTest"/>
  <system-out/>
</testsuite> <!-- ctsnewpackage.NewTest -->
