<?xml version="1.0" encoding="UTF-8"?>
<!-- Generated by org.testng.reporters.JUnitReportReporter -->
<testsuite skipped="0" hostname="AFREEN-PC" name="practise.GridTest" tests="1" failures="0" timestamp="2020-04-01T19:36:19 IST" time="26.645" errors="0">
  <testcase name="test" time="26.645" classname="practise.GridTest"/>
  <system-out/>
</testsuite> <!-- practise.GridTest -->
